2025-12-05 12:37:22: Server running on http://localhost:3000
2025-12-05 12:37:22: Server running on http://localhost:3000
2025-12-05 12:37:22: Server running on http://localhost:3000
2025-12-05 12:37:22: Server running on http://localhost:3000
2025-12-05 12:38:40: [2025-12-05T12:38:40.114Z] GET /
2025-12-05 12:38:40: [2025-12-05T12:38:40.192Z] GET /lib/moment-with-locales-2.24.0.min.js
2025-12-05 12:38:40: [2025-12-05T12:38:40.195Z] GET /lib/sip-0.21.2.min.js
2025-12-05 12:38:40: [2025-12-05T12:38:40.280Z] GET /lib/normalize-v8.0.1.css
2025-12-05 12:38:40: [2025-12-05T12:38:40.287Z] GET /lib/fonts/font_roboto/roboto.css
2025-12-05 12:38:40: [2025-12-05T12:38:40.307Z] GET /lib/jquery-3.6.1.min.js
2025-12-05 12:38:40: [2025-12-05T12:38:40.307Z] GET /lib/font_awesome_6.5.1/css/all.min.css
2025-12-05 12:38:40: [2025-12-05T12:38:40.310Z] GET /lib/croppie.css
2025-12-05 12:38:40: [2025-12-05T12:38:40.310Z] GET /lib/jquery-ui-1.13.2.min.css
2025-12-05 12:38:40: [2025-12-05T12:38:40.366Z] GET /lib/jquery-ui-1.13.2.min.js
2025-12-05 12:38:40: [2025-12-05T12:38:40.425Z] GET /css/phone.css
2025-12-05 12:38:40: [2025-12-05T12:38:40.426Z] GET /images/logo-light.webp
2025-12-05 12:38:40: [2025-12-05T12:38:40.442Z] GET /images/logo-dark.webp
2025-12-05 12:38:40: [2025-12-05T12:38:40.442Z] GET /js/app-config.js
2025-12-05 12:38:40: [2025-12-05T12:38:40.502Z] GET /lib/font_awesome_6.5.1/webfonts/fa-solid-900.woff2
2025-12-05 12:38:40: [2025-12-05T12:38:40.502Z] GET /lib/font_awesome_6.5.1/webfonts/fa-regular-400.woff2
2025-12-05 12:38:40: [2025-12-05T12:38:40.762Z] GET /js/language-manager.js
2025-12-05 12:38:40: [2025-12-05T12:38:40.783Z] GET /js/browser-cache.js
2025-12-05 12:38:40: [2025-12-05T12:38:40.804Z] GET /js/sidebar-manager.js
2025-12-05 12:38:40: [2025-12-05T12:38:40.823Z] GET /js/sip-session-manager.js
2025-12-05 12:38:40: [2025-12-05T12:38:40.858Z] GET /js/ui-state-manager.js
2025-12-05 12:38:40: [2025-12-05T12:38:40.878Z] GET /js/busylight-manager.js
2025-12-05 12:38:40: [2025-12-05T12:38:40.894Z] GET /js/audio-settings-manager.js
2025-12-05 12:38:40: [2025-12-05T12:38:40.910Z] GET /js/api-phantom.js
2025-12-05 12:38:40: [2025-12-05T12:38:40.928Z] GET /js/call-history-manager.js
2025-12-05 12:38:40: [2025-12-05T12:38:40.946Z] GET /js/call-history-ui.js
2025-12-05 12:38:40: [2025-12-05T12:38:40.964Z] GET /js/contacts-manager.js
2025-12-05 12:38:40: [2025-12-05T12:38:40.984Z] GET /js/company-numbers-manager.js
2025-12-05 12:38:41: [2025-12-05T12:38:41.004Z] GET /js/blf-button-manager.js
2025-12-05 12:38:41: [2025-12-05T12:38:41.020Z] GET /js/agent-buttons.js
2025-12-05 12:38:41: [2025-12-05T12:38:41.040Z] GET /js/phone.js
2025-12-05 12:38:41: [2025-12-05T12:38:41.068Z] GET /js/app-startup.js
2025-12-05 12:38:41: [2025-12-05T12:38:41.091Z] GET /js/settings-accordion.js
2025-12-05 12:38:41: [2025-12-05T12:38:41.110Z] GET /lang/en.json
2025-12-05 12:38:41: [2025-12-05T12:38:41.129Z] GET /lang/en.json
2025-12-05 12:38:41: [2025-12-05T12:38:41.246Z] GET /favicon.ico
2025-12-05 12:40:31: [2025-12-05T12:40:31.924Z] GET /
2025-12-05 12:40:31: [2025-12-05T12:40:31.954Z] GET /lib/moment-with-locales-2.24.0.min.js
2025-12-05 12:40:31: [2025-12-05T12:40:31.955Z] GET /lib/sip-0.21.2.min.js
2025-12-05 12:40:31: [2025-12-05T12:40:31.988Z] GET /lib/normalize-v8.0.1.css
2025-12-05 12:40:31: [2025-12-05T12:40:31.991Z] GET /lib/fonts/font_roboto/roboto.css
2025-12-05 12:40:32: [2025-12-05T12:40:32.006Z] GET /lib/font_awesome_6.5.1/css/all.min.css
2025-12-05 12:40:32: [2025-12-05T12:40:32.006Z] GET /lib/croppie.css
2025-12-05 12:40:32: [2025-12-05T12:40:32.009Z] GET /lib/jquery-ui-1.13.2.min.css
2025-12-05 12:40:32: [2025-12-05T12:40:32.009Z] GET /lib/jquery-3.6.1.min.js
2025-12-05 12:40:32: [2025-12-05T12:40:32.029Z] GET /lib/jquery-ui-1.13.2.min.js
2025-12-05 12:40:32: [2025-12-05T12:40:32.057Z] GET /images/logo-light.webp
2025-12-05 12:40:32: [2025-12-05T12:40:32.057Z] GET /css/phone.css
2025-12-05 12:40:32: [2025-12-05T12:40:32.058Z] GET /images/logo-dark.webp
2025-12-05 12:40:32: [2025-12-05T12:40:32.061Z] GET /js/app-config.js
2025-12-05 12:40:32: [2025-12-05T12:40:32.104Z] GET /lib/font_awesome_6.5.1/webfonts/fa-solid-900.woff2
2025-12-05 12:40:32: [2025-12-05T12:40:32.105Z] GET /lib/font_awesome_6.5.1/webfonts/fa-regular-400.woff2
2025-12-05 12:40:32: [2025-12-05T12:40:32.151Z] GET /js/language-manager.js
2025-12-05 12:40:32: [2025-12-05T12:40:32.169Z] GET /js/browser-cache.js
2025-12-05 12:40:32: [2025-12-05T12:40:32.187Z] GET /js/sidebar-manager.js
2025-12-05 12:40:32: [2025-12-05T12:40:32.200Z] GET /js/sip-session-manager.js
2025-12-05 12:40:32: [2025-12-05T12:40:32.214Z] GET /js/ui-state-manager.js
2025-12-05 12:40:32: [2025-12-05T12:40:32.229Z] GET /js/busylight-manager.js
2025-12-05 12:40:32: [2025-12-05T12:40:32.247Z] GET /js/audio-settings-manager.js
2025-12-05 12:40:32: [2025-12-05T12:40:32.260Z] GET /js/api-phantom.js
2025-12-05 12:40:32: [2025-12-05T12:40:32.273Z] GET /js/call-history-manager.js
2025-12-05 12:40:32: [2025-12-05T12:40:32.287Z] GET /js/call-history-ui.js
2025-12-05 12:40:32: [2025-12-05T12:40:32.299Z] GET /js/contacts-manager.js
2025-12-05 12:40:32: [2025-12-05T12:40:32.312Z] GET /js/company-numbers-manager.js
2025-12-05 12:40:32: [2025-12-05T12:40:32.325Z] GET /js/blf-button-manager.js
2025-12-05 12:40:32: [2025-12-05T12:40:32.338Z] GET /js/agent-buttons.js
2025-12-05 12:40:32: [2025-12-05T12:40:32.351Z] GET /js/phone.js
2025-12-05 12:40:32: [2025-12-05T12:40:32.369Z] GET /js/app-startup.js
2025-12-05 12:40:32: [2025-12-05T12:40:32.383Z] GET /js/settings-accordion.js
2025-12-05 12:40:32: [2025-12-05T12:40:32.397Z] GET /lang/en.json
2025-12-05 12:40:32: [2025-12-05T12:40:32.409Z] GET /lang/en.json
2025-12-05 12:45:57: [2025-12-05T12:45:57.879Z] GET /
2025-12-05 12:45:57: [2025-12-05T12:45:57.915Z] GET /lib/moment-with-locales-2.24.0.min.js
2025-12-05 12:45:57: [2025-12-05T12:45:57.916Z] GET /lib/sip-0.21.2.min.js
2025-12-05 12:45:57: [2025-12-05T12:45:57.969Z] GET /lib/fonts/font_roboto/roboto.css
2025-12-05 12:45:57: [2025-12-05T12:45:57.969Z] GET /lib/normalize-v8.0.1.css
2025-12-05 12:45:57: [2025-12-05T12:45:57.983Z] GET /lib/font_awesome_6.5.1/css/all.min.css
2025-12-05 12:45:57: [2025-12-05T12:45:57.987Z] GET /lib/croppie.css
2025-12-05 12:45:57: [2025-12-05T12:45:57.986Z] GET /lib/jquery-ui-1.13.2.min.css
2025-12-05 12:45:57: [2025-12-05T12:45:57.987Z] GET /lib/jquery-3.6.1.min.js
2025-12-05 12:45:58: [2025-12-05T12:45:58.007Z] GET /lib/jquery-ui-1.13.2.min.js
2025-12-05 12:45:58: [2025-12-05T12:45:58.025Z] GET /css/phone.css
2025-12-05 12:45:58: [2025-12-05T12:45:58.028Z] GET /images/logo-dark.webp
2025-12-05 12:45:58: [2025-12-05T12:45:58.028Z] GET /images/logo-light.webp
2025-12-05 12:45:58: [2025-12-05T12:45:58.031Z] GET /js/app-config.js
2025-12-05 12:45:58: [2025-12-05T12:45:58.068Z] GET /lib/font_awesome_6.5.1/webfonts/fa-solid-900.woff2
2025-12-05 12:45:58: [2025-12-05T12:45:58.071Z] GET /lib/font_awesome_6.5.1/webfonts/fa-regular-400.woff2
2025-12-05 12:45:58: [2025-12-05T12:45:58.091Z] GET /js/language-manager.js
2025-12-05 12:45:58: [2025-12-05T12:45:58.106Z] GET /js/browser-cache.js
2025-12-05 12:45:58: [2025-12-05T12:45:58.122Z] GET /js/sidebar-manager.js
2025-12-05 12:45:58: [2025-12-05T12:45:58.137Z] GET /js/sip-session-manager.js
2025-12-05 12:45:58: [2025-12-05T12:45:58.157Z] GET /js/ui-state-manager.js
2025-12-05 12:45:58: [2025-12-05T12:45:58.172Z] GET /js/busylight-manager.js
2025-12-05 12:45:58: [2025-12-05T12:45:58.184Z] GET /js/audio-settings-manager.js
2025-12-05 12:45:58: [2025-12-05T12:45:58.201Z] GET /js/api-phantom.js
2025-12-05 12:45:58: [2025-12-05T12:45:58.220Z] GET /js/call-history-manager.js
2025-12-05 12:45:58: [2025-12-05T12:45:58.235Z] GET /js/call-history-ui.js
2025-12-05 12:45:58: [2025-12-05T12:45:58.250Z] GET /js/contacts-manager.js
2025-12-05 12:45:58: [2025-12-05T12:45:58.266Z] GET /js/company-numbers-manager.js
2025-12-05 12:45:58: [2025-12-05T12:45:58.281Z] GET /js/blf-button-manager.js
2025-12-05 12:45:58: [2025-12-05T12:45:58.297Z] GET /js/agent-buttons.js
2025-12-05 12:45:58: [2025-12-05T12:45:58.312Z] GET /js/phone.js
2025-12-05 12:45:58: [2025-12-05T12:45:58.327Z] GET /js/app-startup.js
2025-12-05 12:45:58: [2025-12-05T12:45:58.342Z] GET /js/settings-accordion.js
2025-12-05 12:45:58: [2025-12-05T12:45:58.354Z] GET /lang/en.json
2025-12-05 12:45:58: [2025-12-05T12:45:58.367Z] GET /lang/en.json
2025-12-05 13:07:24: Server running on http://localhost:3000
2025-12-05 13:07:24: Server running on http://localhost:3000
2025-12-05 13:07:24: Server running on http://localhost:3000
2025-12-05 13:07:24: Server running on http://localhost:3000
2025-12-05 13:08:10: [2025-12-05T13:08:10.332Z] GET /
2025-12-05 13:08:10: [2025-12-05T13:08:10.382Z] GET /lib/moment-with-locales-2.24.0.min.js
2025-12-05 13:08:10: [2025-12-05T13:08:10.391Z] GET /lib/sip-0.21.2.min.js
2025-12-05 13:08:10: [2025-12-05T13:08:10.438Z] GET /lib/fonts/font_roboto/roboto.css
2025-12-05 13:08:10: [2025-12-05T13:08:10.438Z] GET /lib/normalize-v8.0.1.css
2025-12-05 13:08:10: [2025-12-05T13:08:10.458Z] GET /lib/jquery-ui-1.13.2.min.css
2025-12-05 13:08:10: [2025-12-05T13:08:10.458Z] GET /lib/font_awesome_6.5.1/css/all.min.css
2025-12-05 13:08:10: [2025-12-05T13:08:10.458Z] GET /lib/jquery-3.6.1.min.js
2025-12-05 13:08:10: [2025-12-05T13:08:10.460Z] GET /lib/croppie.css
2025-12-05 13:08:10: [2025-12-05T13:08:10.551Z] GET /lib/jquery-ui-1.13.2.min.js
2025-12-05 13:08:10: [2025-12-05T13:08:10.578Z] GET /css/phone.css
2025-12-05 13:08:10: [2025-12-05T13:08:10.579Z] GET /images/logo-light.webp
2025-12-05 13:08:10: [2025-12-05T13:08:10.583Z] GET /images/logo-dark.webp
2025-12-05 13:08:10: [2025-12-05T13:08:10.587Z] GET /js/app-config.js
2025-12-05 13:08:10: [2025-12-05T13:08:10.606Z] GET /lib/font_awesome_6.5.1/webfonts/fa-solid-900.woff2
2025-12-05 13:08:10: [2025-12-05T13:08:10.609Z] GET /lib/font_awesome_6.5.1/webfonts/fa-regular-400.woff2
2025-12-05 13:08:10: [2025-12-05T13:08:10.618Z] GET /js/language-manager.js
2025-12-05 13:08:10: [2025-12-05T13:08:10.632Z] GET /js/browser-cache.js
2025-12-05 13:08:10: [2025-12-05T13:08:10.648Z] GET /js/sidebar-manager.js
2025-12-05 13:08:10: [2025-12-05T13:08:10.667Z] GET /js/sip-session-manager.js
2025-12-05 13:08:10: [2025-12-05T13:08:10.684Z] GET /js/ui-state-manager.js
2025-12-05 13:08:10: [2025-12-05T13:08:10.706Z] GET /js/busylight-manager.js
2025-12-05 13:08:10: [2025-12-05T13:08:10.942Z] GET /js/audio-settings-manager.js
2025-12-05 13:08:10: [2025-12-05T13:08:10.959Z] GET /js/api-phantom.js
2025-12-05 13:08:10: [2025-12-05T13:08:10.973Z] GET /js/call-history-manager.js
2025-12-05 13:08:10: [2025-12-05T13:08:10.989Z] GET /js/call-history-ui.js
2025-12-05 13:08:11: [2025-12-05T13:08:11.003Z] GET /js/contacts-manager.js
2025-12-05 13:08:11: [2025-12-05T13:08:11.018Z] GET /js/company-numbers-manager.js
2025-12-05 13:08:11: [2025-12-05T13:08:11.030Z] GET /js/blf-button-manager.js
2025-12-05 13:08:11: [2025-12-05T13:08:11.046Z] GET /js/agent-buttons.js
2025-12-05 13:08:11: [2025-12-05T13:08:11.059Z] GET /js/phone.js
2025-12-05 13:08:11: [2025-12-05T13:08:11.077Z] GET /js/app-startup.js
2025-12-05 13:08:11: [2025-12-05T13:08:11.092Z] GET /js/settings-accordion.js
2025-12-05 13:08:11: [2025-12-05T13:08:11.110Z] GET /lang/en.json
2025-12-05 13:08:11: [2025-12-05T13:08:11.123Z] GET /lang/en.json
2025-12-05 13:14:09: [2025-12-05T13:14:09.787Z] GET /lib/font_awesome_6.5.1/css/all.min.css
2025-12-05 13:14:09: [2025-12-05T13:14:09.787Z] GET /lib/fonts/font_roboto/roboto.css
2025-12-05 13:14:09: [2025-12-05T13:14:09.788Z] GET /lib/normalize-v8.0.1.css
2025-12-05 13:14:09: [2025-12-05T13:14:09.790Z] GET /css/phone.css
2025-12-05 13:14:09: [2025-12-05T13:14:09.790Z] GET /lib/croppie.css
2025-12-05 13:14:09: [2025-12-05T13:14:09.790Z] GET /lib/jquery-ui-1.13.2.min.css
2025-12-05 13:14:09: [2025-12-05T13:14:09.792Z] GET /manifest.json
2025-12-05 13:14:09: [2025-12-05T13:14:09.990Z] GET /sm/7efe66f3489c6cb91dea2b3b955be14987084fadd151acd6b0b8949cab99a397.map
2025-12-05 13:14:09: [2025-12-05T13:14:09.990Z] GET /lib/normalize.min.css.map
2025-12-05 13:14:09: [2025-12-05T13:14:09.993Z] GET /styles.css.map
2025-12-05 13:43:52: [2025-12-05T13:43:52.977Z] GET /
2025-12-05 13:43:53: [2025-12-05T13:43:53.010Z] GET /lib/moment-with-locales-2.24.0.min.js
2025-12-05 13:43:53: [2025-12-05T13:43:53.015Z] GET /lib/sip-0.21.2.min.js
2025-12-05 13:43:53: [2025-12-05T13:43:53.042Z] GET /lib/normalize-v8.0.1.css
2025-12-05 13:43:53: [2025-12-05T13:43:53.048Z] GET /lib/fonts/font_roboto/roboto.css
2025-12-05 13:43:53: [2025-12-05T13:43:53.064Z] GET /lib/font_awesome_6.5.1/css/all.min.css
2025-12-05 13:43:53: [2025-12-05T13:43:53.074Z] GET /lib/croppie.css
2025-12-05 13:43:53: [2025-12-05T13:43:53.078Z] GET /lib/jquery-3.6.1.min.js
2025-12-05 13:43:53: [2025-12-05T13:43:53.077Z] GET /lib/jquery-ui-1.13.2.min.css
2025-12-05 13:43:53: [2025-12-05T13:43:53.111Z] GET /lib/jquery-ui-1.13.2.min.js
2025-12-05 13:43:53: [2025-12-05T13:43:53.137Z] GET /css/phone.css
2025-12-05 13:43:53: [2025-12-05T13:43:53.149Z] GET /images/logo-light.webp
2025-12-05 13:43:53: [2025-12-05T13:43:53.152Z] GET /images/logo-dark.webp
2025-12-05 13:43:53: [2025-12-05T13:43:53.153Z] GET /js/app-config.js
2025-12-05 13:43:53: [2025-12-05T13:43:53.176Z] GET /lib/font_awesome_6.5.1/webfonts/fa-solid-900.woff2
2025-12-05 13:43:53: [2025-12-05T13:43:53.184Z] GET /lib/font_awesome_6.5.1/webfonts/fa-regular-400.woff2
2025-12-05 13:43:53: [2025-12-05T13:43:53.201Z] GET /lib/sip-0.21.2.min.js
2025-12-05 13:43:53: [2025-12-05T13:43:53.230Z] GET /js/language-manager.js
2025-12-05 13:43:53: [2025-12-05T13:43:53.246Z] GET /js/browser-cache.js
2025-12-05 13:43:53: [2025-12-05T13:43:53.262Z] GET /js/sidebar-manager.js
2025-12-05 13:43:53: [2025-12-05T13:43:53.278Z] GET /js/sip-session-manager.js
2025-12-05 13:43:53: [2025-12-05T13:43:53.296Z] GET /js/ui-state-manager.js
2025-12-05 13:43:53: [2025-12-05T13:43:53.315Z] GET /js/busylight-manager.js
2025-12-05 13:43:53: [2025-12-05T13:43:53.330Z] GET /js/audio-settings-manager.js
2025-12-05 13:43:53: [2025-12-05T13:43:53.343Z] GET /js/api-phantom.js
2025-12-05 13:43:53: [2025-12-05T13:43:53.359Z] GET /js/call-history-manager.js
2025-12-05 13:43:53: [2025-12-05T13:43:53.374Z] GET /js/call-history-ui.js
2025-12-05 13:43:53: [2025-12-05T13:43:53.388Z] GET /js/contacts-manager.js
2025-12-05 13:43:53: [2025-12-05T13:43:53.401Z] GET /js/company-numbers-manager.js
2025-12-05 13:43:53: [2025-12-05T13:43:53.427Z] GET /js/blf-button-manager.js
2025-12-05 13:43:53: [2025-12-05T13:43:53.443Z] GET /js/agent-buttons.js
2025-12-05 13:43:53: [2025-12-05T13:43:53.461Z] GET /js/phone.js
2025-12-05 13:43:53: [2025-12-05T13:43:53.476Z] GET /js/app-startup.js
2025-12-05 13:43:53: [2025-12-05T13:43:53.494Z] GET /js/settings-accordion.js
2025-12-05 13:43:53: [2025-12-05T13:43:53.510Z] GET /lang/en.json
2025-12-05 13:43:53: [2025-12-05T13:43:53.523Z] GET /lang/en.json
2025-12-05 13:44:39: [2025-12-05T13:44:39.219Z] GET /
2025-12-05 13:44:39: [2025-12-05T13:44:39.253Z] GET /lib/moment-with-locales-2.24.0.min.js
2025-12-05 13:44:39: [2025-12-05T13:44:39.256Z] GET /lib/sip-0.21.2.min.js
2025-12-05 13:44:39: [2025-12-05T13:44:39.280Z] GET /lib/normalize-v8.0.1.css
2025-12-05 13:44:39: [2025-12-05T13:44:39.283Z] GET /lib/fonts/font_roboto/roboto.css
2025-12-05 13:44:39: [2025-12-05T13:44:39.290Z] GET /lib/font_awesome_6.5.1/css/all.min.css
2025-12-05 13:44:39: [2025-12-05T13:44:39.300Z] GET /lib/croppie.css
2025-12-05 13:44:39: [2025-12-05T13:44:39.304Z] GET /lib/jquery-ui-1.13.2.min.css
2025-12-05 13:44:39: [2025-12-05T13:44:39.308Z] GET /lib/jquery-3.6.1.min.js
2025-12-05 13:44:39: [2025-12-05T13:44:39.323Z] GET /lib/jquery-ui-1.13.2.min.js
2025-12-05 13:44:39: [2025-12-05T13:44:39.341Z] GET /css/phone.css
2025-12-05 13:44:39: [2025-12-05T13:44:39.346Z] GET /images/logo-light.webp
2025-12-05 13:44:39: [2025-12-05T13:44:39.350Z] GET /images/logo-dark.webp
2025-12-05 13:44:39: [2025-12-05T13:44:39.350Z] GET /js/app-config.js
2025-12-05 13:44:39: [2025-12-05T13:44:39.378Z] GET /lib/font_awesome_6.5.1/webfonts/fa-solid-900.woff2
2025-12-05 13:44:39: [2025-12-05T13:44:39.381Z] GET /lib/font_awesome_6.5.1/webfonts/fa-regular-400.woff2
2025-12-05 13:44:39: [2025-12-05T13:44:39.387Z] GET /lib/sip-0.21.2.min.js
2025-12-05 13:44:39: [2025-12-05T13:44:39.413Z] GET /js/language-manager.js
2025-12-05 13:44:39: [2025-12-05T13:44:39.432Z] GET /js/browser-cache.js
2025-12-05 13:44:39: [2025-12-05T13:44:39.445Z] GET /js/sidebar-manager.js
2025-12-05 13:44:39: [2025-12-05T13:44:39.459Z] GET /js/sip-session-manager.js
2025-12-05 13:44:39: [2025-12-05T13:44:39.472Z] GET /js/ui-state-manager.js
2025-12-05 13:44:39: [2025-12-05T13:44:39.485Z] GET /js/busylight-manager.js
2025-12-05 13:44:39: [2025-12-05T13:44:39.498Z] GET /js/audio-settings-manager.js
2025-12-05 13:44:39: [2025-12-05T13:44:39.509Z] GET /js/api-phantom.js
2025-12-05 13:44:39: [2025-12-05T13:44:39.523Z] GET /js/call-history-manager.js
2025-12-05 13:44:39: [2025-12-05T13:44:39.537Z] GET /js/call-history-ui.js
2025-12-05 13:44:39: [2025-12-05T13:44:39.548Z] GET /js/contacts-manager.js
2025-12-05 13:44:39: [2025-12-05T13:44:39.562Z] GET /js/company-numbers-manager.js
2025-12-05 13:44:39: [2025-12-05T13:44:39.573Z] GET /js/blf-button-manager.js
2025-12-05 13:44:39: [2025-12-05T13:44:39.586Z] GET /js/agent-buttons.js
2025-12-05 13:44:39: [2025-12-05T13:44:39.599Z] GET /js/phone.js
2025-12-05 13:44:39: [2025-12-05T13:44:39.612Z] GET /js/app-startup.js
2025-12-05 13:44:39: [2025-12-05T13:44:39.624Z] GET /js/settings-accordion.js
2025-12-05 13:44:39: [2025-12-05T13:44:39.639Z] GET /lang/en.json
2025-12-05 13:44:39: [2025-12-05T13:44:39.651Z] GET /lang/en.json
2025-12-09 16:39:21: [2025-12-09T16:39:21.025Z] GET /
2025-12-09 16:39:21: [2025-12-09T16:39:21.096Z] GET /lib/moment-with-locales-2.24.0.min.js
2025-12-09 16:39:21: [2025-12-09T16:39:21.097Z] GET /lib/sip-0.21.2.min.js
2025-12-09 16:39:21: [2025-12-09T16:39:21.192Z] GET /lib/normalize-v8.0.1.css
2025-12-09 16:39:21: [2025-12-09T16:39:21.196Z] GET /lib/fonts/font_roboto/roboto.css
2025-12-09 16:39:21: [2025-12-09T16:39:21.204Z] GET /lib/jquery-3.6.1.min.js
2025-12-09 16:39:21: [2025-12-09T16:39:21.210Z] GET /lib/font_awesome_6.5.1/css/all.min.css
2025-12-09 16:39:21: [2025-12-09T16:39:21.214Z] GET /lib/croppie.css
2025-12-09 16:39:21: [2025-12-09T16:39:21.224Z] GET /lib/jquery-ui-1.13.2.min.css
2025-12-09 16:39:21: [2025-12-09T16:39:21.304Z] GET /lib/jquery-ui-1.13.2.min.js
2025-12-09 16:39:21: [2025-12-09T16:39:21.368Z] GET /css/phone.css
2025-12-09 16:39:21: [2025-12-09T16:39:21.378Z] GET /images/logo-light.webp
2025-12-09 16:39:21: [2025-12-09T16:39:21.379Z] GET /images/logo-dark.webp
2025-12-09 16:39:21: [2025-12-09T16:39:21.381Z] GET /js/app-config.js
2025-12-09 16:39:21: [2025-12-09T16:39:21.467Z] GET /lib/font_awesome_6.5.1/webfonts/fa-solid-900.woff2
2025-12-09 16:39:21: [2025-12-09T16:39:21.468Z] GET /lib/font_awesome_6.5.1/webfonts/fa-regular-400.woff2
2025-12-09 16:39:21: [2025-12-09T16:39:21.867Z] GET /js/language-manager.js
2025-12-09 16:39:21: [2025-12-09T16:39:21.873Z] GET /js/browser-cache.js
2025-12-09 16:39:21: [2025-12-09T16:39:21.884Z] GET /js/sidebar-manager.js
2025-12-09 16:39:21: [2025-12-09T16:39:21.896Z] GET /js/sip-session-manager.js
2025-12-09 16:39:21: [2025-12-09T16:39:21.917Z] GET /js/ui-state-manager.js
2025-12-09 16:39:21: [2025-12-09T16:39:21.932Z] GET /js/busylight-manager.js
2025-12-09 16:39:21: [2025-12-09T16:39:21.944Z] GET /js/audio-settings-manager.js
2025-12-09 16:39:21: [2025-12-09T16:39:21.953Z] GET /js/api-phantom.js
2025-12-09 16:39:21: [2025-12-09T16:39:21.961Z] GET /js/call-history-manager.js
2025-12-09 16:39:21: [2025-12-09T16:39:21.973Z] GET /js/call-history-ui.js
2025-12-09 16:39:21: [2025-12-09T16:39:21.989Z] GET /js/contacts-manager.js
2025-12-09 16:39:22: [2025-12-09T16:39:22.004Z] GET /js/company-numbers-manager.js
2025-12-09 16:39:22: [2025-12-09T16:39:22.019Z] GET /js/blf-button-manager.js
2025-12-09 16:39:22: [2025-12-09T16:39:22.031Z] GET /js/agent-buttons.js
2025-12-09 16:39:22: [2025-12-09T16:39:22.043Z] GET /js/phone.js
2025-12-09 16:39:22: [2025-12-09T16:39:22.063Z] GET /js/app-startup.js
2025-12-09 16:39:22: [2025-12-09T16:39:22.075Z] GET /js/settings-accordion.js
2025-12-09 16:39:22: [2025-12-09T16:39:22.085Z] GET /lang/en.json
2025-12-09 16:39:22: [2025-12-09T16:39:22.095Z] GET /lang/en.json
2025-12-09 16:39:22: [2025-12-09T16:39:22.141Z] GET /sw.js
2025-12-09 16:39:22: [2025-12-09T16:39:22.208Z] GET /offline.html
2025-12-09 16:39:22: [2025-12-09T16:39:22.209Z] GET /favicon.ico
2025-12-09 16:39:22: [2025-12-09T16:39:22.208Z] GET /index.html
2025-12-09 16:39:22: [2025-12-09T16:39:22.237Z] GET /manifest.json
2025-12-09 16:39:22: [2025-12-09T16:39:22.239Z] GET /js/audio-settings-manager.js
2025-12-09 16:39:22: [2025-12-09T16:39:22.243Z] GET /js/call-history-manager.js
2025-12-09 16:39:22: [2025-12-09T16:39:22.250Z] GET /js/call-history-ui.js
2025-12-09 16:39:22: [2025-12-09T16:39:22.253Z] GET /js/browser-cache.js
2025-12-09 16:39:22: [2025-12-09T16:39:22.252Z] GET /js/phone.js
2025-12-09 16:39:22: [2025-12-09T16:39:22.265Z] GET /js/sip-session-manager.js
2025-12-09 16:39:22: [2025-12-09T16:39:22.267Z] GET /js/busylight-manager.js
2025-12-09 16:39:22: [2025-12-09T16:39:22.267Z] GET /js/ui-state-manager.js
2025-12-09 16:39:22: [2025-12-09T16:39:22.283Z] GET /favicon.ico
2025-12-09 16:39:22: [2025-12-09T16:39:22.282Z] GET /manifest.json
2025-12-09 16:39:22: [2025-12-09T16:39:22.286Z] GET /js/agent-buttons.js
2025-12-09 16:39:22: [2025-12-09T16:39:22.290Z] GET /js/blf-button-manager.js
2025-12-09 16:39:22: [2025-12-09T16:39:22.292Z] GET /js/api-phantom.js
2025-12-09 16:39:22: [2025-12-09T16:39:22.300Z] GET /js/app-config.js
2025-12-09 16:39:22: [2025-12-09T16:39:22.303Z] GET /js/app-startup.js
2025-12-09 16:39:22: [2025-12-09T16:39:22.303Z] GET /icons/any_192.png
2025-12-09 16:39:22: [2025-12-09T16:39:22.308Z] GET /css/phone.css
2025-12-09 16:46:29: Server running on http://localhost:3000
2025-12-09 16:46:29: Server running on http://localhost:3000
2025-12-09 16:46:29: Server running on http://localhost:3000
2025-12-09 16:46:29: Server running on http://localhost:3000
2025-12-09 18:07:04: Server running on http://localhost:3000
2025-12-09 18:07:04: Server running on http://localhost:3000
2025-12-09 18:07:04: Server running on http://localhost:3000
2025-12-09 18:07:04: Server running on http://localhost:3000
2025-12-17 17:42:38: [HPM] Proxy created: /  -> https://server1-000.phantomapi.net:19773
2025-12-17 17:42:38: [HPM] Proxy rewrite rule created: "^/api/phantom" ~> "/api"
2025-12-17 17:42:38: [HPM] Proxy created: /  -> https://server1-000.phantomapi.net:19773
2025-12-17 17:42:38: [HPM] Proxy rewrite rule created: "^/api/phantom" ~> "/api"
2025-12-17 17:42:38: [HPM] Proxy created: /  -> https://server1-000.phantomapi.net:19773
2025-12-17 17:42:38: [HPM] Proxy rewrite rule created: "^/api/phantom" ~> "/api"
2025-12-17 17:42:38: [HPM] Proxy created: /  -> https://server1-000.phantomapi.net:19773
2025-12-17 17:42:38: [HPM] Proxy rewrite rule created: "^/api/phantom" ~> "/api"
